<?xml version="1.0" encoding="UTF-8"?>
<coverage generated="1773942683366" clover="3.2.0">
  <project timestamp="1773942683366" name="All files">
    <metrics statements="30" coveredstatements="27" conditionals="6" coveredconditionals="4" methods="7" coveredmethods="7" elements="43" coveredelements="38" complexity="0" loc="30" ncloc="30" packages="1" files="1" classes="1"/>
    <file name="dbms.js" path="C:\Users\sizem\OneDrive\Documents\GitHub\project-mw-sustainability-portal\mw_sustainability_portal\routes\dbms.js">
      <metrics statements="30" coveredstatements="27" conditionals="6" coveredconditionals="4" methods="7" coveredmethods="7"/>
      <line num="9" count="4" type="stmt"/>
      <line num="12" count="4" type="stmt"/>
      <line num="13" count="4" type="stmt"/>
      <line num="15" count="4" type="stmt"/>
      <line num="16" count="4" type="stmt"/>
      <line num="17" count="4" type="stmt"/>
      <line num="18" count="4" type="stmt"/>
      <line num="36" count="4" type="stmt"/>
      <line num="39" count="4" type="stmt"/>
      <line num="41" count="4" type="stmt"/>
      <line num="45" count="4" type="stmt"/>
      <line num="46" count="4" type="stmt"/>
      <line num="53" count="4" type="stmt"/>
      <line num="58" count="2" type="stmt"/>
      <line num="59" count="2" type="stmt"/>
      <line num="60" count="2" type="stmt"/>
      <line num="66" count="2" type="stmt"/>
      <line num="67" count="2" type="stmt"/>
      <line num="68" count="2" type="stmt"/>
      <line num="69" count="2" type="stmt"/>
      <line num="75" count="2" type="cond" truecount="1" falsecount="1"/>
      <line num="76" count="0" type="stmt"/>
      <line num="77" count="0" type="stmt"/>
      <line num="78" count="0" type="stmt"/>
      <line num="80" count="2" type="stmt"/>
      <line num="81" count="2" type="stmt"/>
      <line num="85" count="2" type="stmt"/>
      <line num="88" count="4" type="stmt"/>
      <line num="90" count="4" type="cond" truecount="3" falsecount="1"/>
      <line num="91" count="4" type="stmt"/>
    </file>
  </project>
</coverage>
