{"C:\\Users\\sizem\\OneDrive\\Documents\\GitHub\\project-mw-sustainability-portal\\mw_sustainability_portal\\routes\\dbms.js": {"path":"C:\\Users\\sizem\\OneDrive\\Documents\\GitHub\\project-mw-sustainability-portal\\mw_sustainability_portal\\routes\\dbms.js","statementMap":{"0":{"start":{"line":9,"column":0},"end":{"line":9,"column":26}},"1":{"start":{"line":12,"column":12},"end":{"line":12,"column":29}},"2":{"start":{"line":13,"column":12},"end":{"line":13,"column":28}},"3":{"start":{"line":15,"column":11},"end":{"line":15,"column":38}},"4":{"start":{"line":16,"column":15},"end":{"line":16,"column":30}},"5":{"start":{"line":17,"column":11},"end":{"line":17,"column":26}},"6":{"start":{"line":18,"column":15},"end":{"line":18,"column":33}},"7":{"start":{"line":36,"column":0},"end":{"line":96,"column":1}},"8":{"start":{"line":39,"column":18},"end":{"line":39,"column":22}},"9":{"start":{"line":41,"column":4},"end":{"line":88,"column":7}},"10":{"start":{"line":45,"column":12},"end":{"line":45,"column":53}},"11":{"start":{"line":46,"column":12},"end":{"line":52,"column":15}},"12":{"start":{"line":54,"column":12},"end":{"line":54,"column":39}},"13":{"start":{"line":59,"column":12},"end":{"line":59,"column":48}},"14":{"start":{"line":60,"column":12},"end":{"line":62,"column":15}},"15":{"start":{"line":61,"column":16},"end":{"line":61,"column":51}},"16":{"start":{"line":67,"column":12},"end":{"line":67,"column":46}},"17":{"start":{"line":68,"column":12},"end":{"line":68,"column":27}},"18":{"start":{"line":69,"column":12},"end":{"line":69,"column":35}},"19":{"start":{"line":70,"column":12},"end":{"line":70,"column":27}},"20":{"start":{"line":76,"column":8},"end":{"line":83,"column":9}},"21":{"start":{"line":77,"column":12},"end":{"line":77,"column":55}},"22":{"start":{"line":78,"column":12},"end":{"line":78,"column":29}},"23":{"start":{"line":79,"column":12},"end":{"line":79,"column":32}},"24":{"start":{"line":81,"column":12},"end":{"line":81,"column":53}},"25":{"start":{"line":82,"column":12},"end":{"line":82,"column":37}},"26":{"start":{"line":86,"column":8},"end":{"line":86,"column":23}},"27":{"start":{"line":89,"column":4},"end":{"line":94,"column":6}},"28":{"start":{"line":91,"column":8},"end":{"line":93,"column":9}},"29":{"start":{"line":92,"column":12},"end":{"line":92,"column":31}}},"fnMap":{"0":{"name":"(anonymous_0)","decl":{"start":{"line":36,"column":18},"end":{"line":36,"column":19}},"loc":{"start":{"line":36,"column":48},"end":{"line":96,"column":1}},"line":36},"1":{"name":"(anonymous_1)","decl":{"start":{"line":44,"column":8},"end":{"line":44,"column":9}},"loc":{"start":{"line":44,"column":28},"end":{"line":55,"column":9}},"line":44},"2":{"name":"(anonymous_2)","decl":{"start":{"line":58,"column":8},"end":{"line":58,"column":9}},"loc":{"start":{"line":58,"column":37},"end":{"line":63,"column":9}},"line":58},"3":{"name":"(anonymous_3)","decl":{"start":{"line":60,"column":38},"end":{"line":60,"column":39}},"loc":{"start":{"line":60,"column":65},"end":{"line":62,"column":13}},"line":60},"4":{"name":"(anonymous_4)","decl":{"start":{"line":66,"column":8},"end":{"line":66,"column":9}},"loc":{"start":{"line":66,"column":42},"end":{"line":71,"column":9}},"line":66},"5":{"name":"(anonymous_5)","decl":{"start":{"line":75,"column":4},"end":{"line":75,"column":5}},"loc":{"start":{"line":75,"column":24},"end":{"line":88,"column":5}},"line":75},"6":{"name":"(anonymous_6)","decl":{"start":{"line":89,"column":20},"end":{"line":89,"column":21}},"loc":{"start":{"line":89,"column":32},"end":{"line":94,"column":5}},"line":89}},"branchMap":{"0":{"loc":{"start":{"line":76,"column":8},"end":{"line":83,"column":9}},"type":"if","locations":[{"start":{"line":76,"column":8},"end":{"line":83,"column":9}},{"start":{"line":80,"column":15},"end":{"line":83,"column":9}}],"line":76},"1":{"loc":{"start":{"line":91,"column":8},"end":{"line":93,"column":9}},"type":"if","locations":[{"start":{"line":91,"column":8},"end":{"line":93,"column":9}},{"start":{},"end":{}}],"line":91},"2":{"loc":{"start":{"line":91,"column":12},"end":{"line":91,"column":40}},"type":"binary-expr","locations":[{"start":{"line":91,"column":12},"end":{"line":91,"column":20}},{"start":{"line":91,"column":24},"end":{"line":91,"column":40}}],"line":91}},"s":{"0":2,"1":2,"2":2,"3":2,"4":2,"5":2,"6":2,"7":2,"8":3,"9":3,"10":3,"11":3,"12":3,"13":3,"14":3,"15":3,"16":2,"17":2,"18":2,"19":2,"20":3,"21":1,"22":1,"23":1,"24":2,"25":2,"26":3,"27":3,"28":0,"29":0},"f":{"0":3,"1":3,"2":3,"3":3,"4":2,"5":3,"6":0},"b":{"0":[1,2],"1":[0,0],"2":[0,0]},"_coverageSchema":"1a1c01bbd47fc00a2c39e90264f33305004495a9","hash":"f0c634e92373a47a8e6029a438e3c9385d77c911"}
,"C:\\Users\\sizem\\OneDrive\\Documents\\GitHub\\project-mw-sustainability-portal\\mw_sustainability_portal\\routes\\indivProj.js": {"path":"C:\\Users\\sizem\\OneDrive\\Documents\\GitHub\\project-mw-sustainability-portal\\mw_sustainability_portal\\routes\\indivProj.js","statementMap":{"0":{"start":{"line":1,"column":14},"end":{"line":1,"column":32}},"1":{"start":{"line":2,"column":13},"end":{"line":2,"column":29}},"2":{"start":{"line":3,"column":11},"end":{"line":3,"column":31}},"3":{"start":{"line":4,"column":19},"end":{"line":4,"column":35}},"4":{"start":{"line":8,"column":0},"end":{"line":18,"column":3}},"5":{"start":{"line":9,"column":21},"end":{"line":9,"column":83}},"6":{"start":{"line":10,"column":4},"end":{"line":16,"column":7}},"7":{"start":{"line":11,"column":8},"end":{"line":13,"column":9}},"8":{"start":{"line":12,"column":12},"end":{"line":12,"column":71}},"9":{"start":{"line":14,"column":8},"end":{"line":14,"column":29}},"10":{"start":{"line":15,"column":8},"end":{"line":15,"column":54}},"11":{"start":{"line":20,"column":0},"end":{"line":32,"column":3}},"12":{"start":{"line":21,"column":4},"end":{"line":28,"column":7}},"13":{"start":{"line":22,"column":8},"end":{"line":27,"column":9}},"14":{"start":{"line":23,"column":12},"end":{"line":23,"column":48}},"15":{"start":{"line":25,"column":12},"end":{"line":25,"column":33}},"16":{"start":{"line":26,"column":12},"end":{"line":26,"column":56}},"17":{"start":{"line":35,"column":0},"end":{"line":35,"column":24}}},"fnMap":{"0":{"name":"(anonymous_0)","decl":{"start":{"line":8,"column":17},"end":{"line":8,"column":18}},"loc":{"start":{"line":8,"column":31},"end":{"line":18,"column":1}},"line":8},"1":{"name":"(anonymous_1)","decl":{"start":{"line":10,"column":27},"end":{"line":10,"column":28}},"loc":{"start":{"line":10,"column":45},"end":{"line":16,"column":5}},"line":10},"2":{"name":"(anonymous_2)","decl":{"start":{"line":20,"column":17},"end":{"line":20,"column":18}},"loc":{"start":{"line":20,"column":42},"end":{"line":32,"column":1}},"line":20},"3":{"name":"(anonymous_3)","decl":{"start":{"line":21,"column":82},"end":{"line":21,"column":83}},"loc":{"start":{"line":21,"column":106},"end":{"line":28,"column":5}},"line":21}},"branchMap":{"0":{"loc":{"start":{"line":11,"column":8},"end":{"line":13,"column":9}},"type":"if","locations":[{"start":{"line":11,"column":8},"end":{"line":13,"column":9}},{"start":{},"end":{}}],"line":11},"1":{"loc":{"start":{"line":22,"column":8},"end":{"line":27,"column":9}},"type":"if","locations":[{"start":{"line":22,"column":8},"end":{"line":27,"column":9}},{"start":{"line":24,"column":15},"end":{"line":27,"column":9}}],"line":22}},"s":{"0":1,"1":1,"2":1,"3":1,"4":1,"5":2,"6":2,"7":2,"8":1,"9":2,"10":2,"11":1,"12":2,"13":2,"14":1,"15":1,"16":1,"17":1},"f":{"0":2,"1":2,"2":2,"3":2},"b":{"0":[1,1],"1":[1,1]},"_coverageSchema":"1a1c01bbd47fc00a2c39e90264f33305004495a9","hash":"58bee001d3463b1a3f7d2fff855f98a5b5c08eec"}
,"C:\\Users\\sizem\\OneDrive\\Documents\\GitHub\\project-mw-sustainability-portal\\mw_sustainability_portal\\routes\\mylogin.js": {"path":"C:\\Users\\sizem\\OneDrive\\Documents\\GitHub\\project-mw-sustainability-portal\\mw_sustainability_portal\\routes\\mylogin.js","statementMap":{"0":{"start":{"line":4,"column":14},"end":{"line":4,"column":32}},"1":{"start":{"line":5,"column":13},"end":{"line":5,"column":29}},"2":{"start":{"line":6,"column":11},"end":{"line":6,"column":31}},"3":{"start":{"line":10,"column":0},"end":{"line":37,"column":3}},"4":{"start":{"line":11,"column":4},"end":{"line":11,"column":40}},"5":{"start":{"line":12,"column":15},"end":{"line":12,"column":28}},"6":{"start":{"line":13,"column":15},"end":{"line":13,"column":28}},"7":{"start":{"line":14,"column":4},"end":{"line":14,"column":40}},"8":{"start":{"line":15,"column":16},"end":{"line":15,"column":37}},"9":{"start":{"line":16,"column":18},"end":{"line":16,"column":19}},"10":{"start":{"line":17,"column":4},"end":{"line":36,"column":7}},"11":{"start":{"line":18,"column":8},"end":{"line":35,"column":9}},"12":{"start":{"line":19,"column":12},"end":{"line":19,"column":43}},"13":{"start":{"line":22,"column":12},"end":{"line":33,"column":13}},"14":{"start":{"line":24,"column":16},"end":{"line":24,"column":42}},"15":{"start":{"line":26,"column":16},"end":{"line":26,"column":28}},"16":{"start":{"line":27,"column":16},"end":{"line":27,"column":41}},"17":{"start":{"line":31,"column":16},"end":{"line":31,"column":47}},"18":{"start":{"line":32,"column":16},"end":{"line":32,"column":41}},"19":{"start":{"line":39,"column":0},"end":{"line":39,"column":24}}},"fnMap":{"0":{"name":"(anonymous_0)","decl":{"start":{"line":10,"column":17},"end":{"line":10,"column":18}},"loc":{"start":{"line":10,"column":42},"end":{"line":37,"column":1}},"line":10},"1":{"name":"(anonymous_1)","decl":{"start":{"line":17,"column":25},"end":{"line":17,"column":26}},"loc":{"start":{"line":17,"column":49},"end":{"line":36,"column":5}},"line":17}},"branchMap":{"0":{"loc":{"start":{"line":18,"column":8},"end":{"line":35,"column":9}},"type":"if","locations":[{"start":{"line":18,"column":8},"end":{"line":35,"column":9}},{"start":{"line":20,"column":15},"end":{"line":35,"column":9}}],"line":18},"1":{"loc":{"start":{"line":22,"column":12},"end":{"line":33,"column":13}},"type":"if","locations":[{"start":{"line":22,"column":12},"end":{"line":33,"column":13}},{"start":{"line":30,"column":12},"end":{"line":33,"column":13}}],"line":22}},"s":{"0":1,"1":1,"2":1,"3":1,"4":3,"5":3,"6":3,"7":3,"8":3,"9":3,"10":3,"11":3,"12":1,"13":2,"14":1,"15":1,"16":1,"17":1,"18":1,"19":1},"f":{"0":3,"1":3},"b":{"0":[1,2],"1":[1,1]},"_coverageSchema":"1a1c01bbd47fc00a2c39e90264f33305004495a9","hash":"a66ab2c8db86b75a3a873c2675221c8333b94c2d"}
,"C:\\Users\\sizem\\OneDrive\\Documents\\GitHub\\project-mw-sustainability-portal\\mw_sustainability_portal\\routes\\projects.js": {"path":"C:\\Users\\sizem\\OneDrive\\Documents\\GitHub\\project-mw-sustainability-portal\\mw_sustainability_portal\\routes\\projects.js","statementMap":{"0":{"start":{"line":1,"column":14},"end":{"line":1,"column":32}},"1":{"start":{"line":2,"column":13},"end":{"line":2,"column":29}},"2":{"start":{"line":3,"column":11},"end":{"line":3,"column":31}},"3":{"start":{"line":4,"column":19},"end":{"line":4,"column":35}},"4":{"start":{"line":5,"column":10},"end":{"line":5,"column":19}},"5":{"start":{"line":8,"column":0},"end":{"line":17,"column":3}},"6":{"start":{"line":9,"column":21},"end":{"line":9,"column":50}},"7":{"start":{"line":10,"column":4},"end":{"line":15,"column":7}},"8":{"start":{"line":11,"column":8},"end":{"line":13,"column":9}},"9":{"start":{"line":12,"column":12},"end":{"line":12,"column":71}},"10":{"start":{"line":14,"column":8},"end":{"line":14,"column":51}},"11":{"start":{"line":19,"column":0},"end":{"line":28,"column":3}},"12":{"start":{"line":20,"column":4},"end":{"line":27,"column":7}},"13":{"start":{"line":21,"column":8},"end":{"line":26,"column":9}},"14":{"start":{"line":22,"column":12},"end":{"line":22,"column":48}},"15":{"start":{"line":24,"column":12},"end":{"line":24,"column":33}},"16":{"start":{"line":25,"column":12},"end":{"line":25,"column":60}},"17":{"start":{"line":31,"column":0},"end":{"line":31,"column":24}}},"fnMap":{"0":{"name":"(anonymous_0)","decl":{"start":{"line":8,"column":17},"end":{"line":8,"column":18}},"loc":{"start":{"line":8,"column":36},"end":{"line":17,"column":1}},"line":8},"1":{"name":"(anonymous_1)","decl":{"start":{"line":10,"column":27},"end":{"line":10,"column":28}},"loc":{"start":{"line":10,"column":45},"end":{"line":15,"column":5}},"line":10},"2":{"name":"(anonymous_2)","decl":{"start":{"line":19,"column":17},"end":{"line":19,"column":18}},"loc":{"start":{"line":19,"column":42},"end":{"line":28,"column":1}},"line":19},"3":{"name":"(anonymous_3)","decl":{"start":{"line":20,"column":90},"end":{"line":20,"column":91}},"loc":{"start":{"line":20,"column":114},"end":{"line":27,"column":5}},"line":20}},"branchMap":{"0":{"loc":{"start":{"line":11,"column":8},"end":{"line":13,"column":9}},"type":"if","locations":[{"start":{"line":11,"column":8},"end":{"line":13,"column":9}},{"start":{},"end":{}}],"line":11},"1":{"loc":{"start":{"line":21,"column":8},"end":{"line":26,"column":9}},"type":"if","locations":[{"start":{"line":21,"column":8},"end":{"line":26,"column":9}},{"start":{"line":23,"column":15},"end":{"line":26,"column":9}}],"line":21}},"s":{"0":1,"1":1,"2":1,"3":1,"4":1,"5":1,"6":2,"7":2,"8":2,"9":1,"10":2,"11":1,"12":2,"13":2,"14":1,"15":1,"16":1,"17":1},"f":{"0":2,"1":2,"2":2,"3":2},"b":{"0":[1,1],"1":[1,1]},"_coverageSchema":"1a1c01bbd47fc00a2c39e90264f33305004495a9","hash":"349f5bc9826331adbd92e1b338dfd0e1fdc8d07d"}
,"C:\\Users\\sizem\\OneDrive\\Documents\\GitHub\\project-mw-sustainability-portal\\mw_sustainability_portal\\routes\\render_project.js": {"path":"C:\\Users\\sizem\\OneDrive\\Documents\\GitHub\\project-mw-sustainability-portal\\mw_sustainability_portal\\routes\\render_project.js","statementMap":{"0":{"start":{"line":1,"column":14},"end":{"line":1,"column":32}},"1":{"start":{"line":2,"column":13},"end":{"line":2,"column":29}},"2":{"start":{"line":3,"column":11},"end":{"line":3,"column":31}},"3":{"start":{"line":4,"column":19},"end":{"line":4,"column":35}},"4":{"start":{"line":5,"column":11},"end":{"line":5,"column":33}},"5":{"start":{"line":6,"column":13},"end":{"line":6,"column":28}},"6":{"start":{"line":7,"column":10},"end":{"line":7,"column":19}},"7":{"start":{"line":9,"column":0},"end":{"line":47,"column":3}},"8":{"start":{"line":10,"column":15},"end":{"line":10,"column":33}},"9":{"start":{"line":11,"column":15},"end":{"line":11,"column":33}},"10":{"start":{"line":12,"column":13},"end":{"line":12,"column":29}},"11":{"start":{"line":14,"column":16},"end":{"line":14,"column":71}},"12":{"start":{"line":16,"column":4},"end":{"line":46,"column":11}},"13":{"start":{"line":17,"column":12},"end":{"line":45,"column":13}},"14":{"start":{"line":18,"column":16},"end":{"line":18,"column":52}},"15":{"start":{"line":20,"column":27},"end":{"line":20,"column":29}},"16":{"start":{"line":21,"column":30},"end":{"line":21,"column":32}},"17":{"start":{"line":22,"column":34},"end":{"line":22,"column":36}},"18":{"start":{"line":24,"column":16},"end":{"line":30,"column":19}},"19":{"start":{"line":25,"column":20},"end":{"line":29,"column":21}},"20":{"start":{"line":26,"column":24},"end":{"line":26,"column":49}},"21":{"start":{"line":27,"column":27},"end":{"line":29,"column":21}},"22":{"start":{"line":28,"column":24},"end":{"line":28,"column":56}},"23":{"start":{"line":32,"column":16},"end":{"line":39,"column":17}},"24":{"start":{"line":33,"column":20},"end":{"line":38,"column":21}},"25":{"start":{"line":34,"column":24},"end":{"line":34,"column":59}},"26":{"start":{"line":36,"column":24},"end":{"line":36,"column":41}},"27":{"start":{"line":37,"column":24},"end":{"line":37,"column":66}},"28":{"start":{"line":41,"column":27},"end":{"line":42,"column":63}},"29":{"start":{"line":43,"column":16},"end":{"line":43,"column":34}},"30":{"start":{"line":44,"column":16},"end":{"line":44,"column":49}},"31":{"start":{"line":50,"column":19},"end":{"line":55,"column":5}},"32":{"start":{"line":57,"column":17},"end":{"line":57,"column":44}},"33":{"start":{"line":58,"column":4},"end":{"line":58,"column":27}},"34":{"start":{"line":62,"column":0},"end":{"line":62,"column":24}}},"fnMap":{"0":{"name":"(anonymous_0)","decl":{"start":{"line":9,"column":17},"end":{"line":9,"column":18}},"loc":{"start":{"line":9,"column":42},"end":{"line":47,"column":1}},"line":9},"1":{"name":"(anonymous_1)","decl":{"start":{"line":16,"column":24},"end":{"line":16,"column":25}},"loc":{"start":{"line":16,"column":54},"end":{"line":46,"column":9}},"line":16},"2":{"name":"(anonymous_2)","decl":{"start":{"line":24,"column":32},"end":{"line":24,"column":33}},"loc":{"start":{"line":24,"column":48},"end":{"line":30,"column":17}},"line":24},"3":{"name":"read_txt","decl":{"start":{"line":49,"column":15},"end":{"line":49,"column":23}},"loc":{"start":{"line":49,"column":31},"end":{"line":59,"column":1}},"line":49}},"branchMap":{"0":{"loc":{"start":{"line":17,"column":12},"end":{"line":45,"column":13}},"type":"if","locations":[{"start":{"line":17,"column":12},"end":{"line":45,"column":13}},{"start":{"line":19,"column":19},"end":{"line":45,"column":13}}],"line":17},"1":{"loc":{"start":{"line":25,"column":20},"end":{"line":29,"column":21}},"type":"if","locations":[{"start":{"line":25,"column":20},"end":{"line":29,"column":21}},{"start":{"line":27,"column":27},"end":{"line":29,"column":21}}],"line":25},"2":{"loc":{"start":{"line":27,"column":27},"end":{"line":29,"column":21}},"type":"if","locations":[{"start":{"line":27,"column":27},"end":{"line":29,"column":21}},{"start":{},"end":{}}],"line":27},"3":{"loc":{"start":{"line":32,"column":16},"end":{"line":39,"column":17}},"type":"if","locations":[{"start":{"line":32,"column":16},"end":{"line":39,"column":17}},{"start":{},"end":{}}],"line":32}},"s":{"0":1,"1":1,"2":1,"3":1,"4":1,"5":1,"6":1,"7":1,"8":5,"9":5,"10":5,"11":5,"12":5,"13":5,"14":1,"15":4,"16":4,"17":4,"18":4,"19":6,"20":3,"21":3,"22":3,"23":4,"24":3,"25":3,"26":1,"27":1,"28":4,"29":4,"30":4,"31":3,"32":3,"33":2,"34":1},"f":{"0":5,"1":5,"2":6,"3":3},"b":{"0":[1,4],"1":[3,3],"2":[3,0],"3":[3,1]},"_coverageSchema":"1a1c01bbd47fc00a2c39e90264f33305004495a9","hash":"15394226167aa7904871f6389320c33761beb682"}
}
