{"C:\\Users\\sizem\\OneDrive\\Documents\\GitHub\\project-mw-sustainability-portal\\mw_sustainability_portal\\routes\\dbms.js": {"path":"C:\\Users\\sizem\\OneDrive\\Documents\\GitHub\\project-mw-sustainability-portal\\mw_sustainability_portal\\routes\\dbms.js","statementMap":{"0":{"start":{"line":9,"column":0},"end":{"line":9,"column":26}},"1":{"start":{"line":12,"column":12},"end":{"line":12,"column":29}},"2":{"start":{"line":13,"column":12},"end":{"line":13,"column":28}},"3":{"start":{"line":15,"column":11},"end":{"line":15,"column":38}},"4":{"start":{"line":16,"column":15},"end":{"line":16,"column":30}},"5":{"start":{"line":17,"column":11},"end":{"line":17,"column":26}},"6":{"start":{"line":18,"column":15},"end":{"line":18,"column":33}},"7":{"start":{"line":36,"column":0},"end":{"line":95,"column":1}},"8":{"start":{"line":39,"column":18},"end":{"line":39,"column":22}},"9":{"start":{"line":41,"column":4},"end":{"line":87,"column":7}},"10":{"start":{"line":45,"column":12},"end":{"line":45,"column":53}},"11":{"start":{"line":46,"column":12},"end":{"line":51,"column":15}},"12":{"start":{"line":53,"column":12},"end":{"line":53,"column":39}},"13":{"start":{"line":58,"column":12},"end":{"line":58,"column":48}},"14":{"start":{"line":59,"column":12},"end":{"line":61,"column":15}},"15":{"start":{"line":60,"column":16},"end":{"line":60,"column":51}},"16":{"start":{"line":66,"column":12},"end":{"line":66,"column":46}},"17":{"start":{"line":67,"column":12},"end":{"line":67,"column":27}},"18":{"start":{"line":68,"column":12},"end":{"line":68,"column":35}},"19":{"start":{"line":69,"column":12},"end":{"line":69,"column":27}},"20":{"start":{"line":75,"column":8},"end":{"line":82,"column":9}},"21":{"start":{"line":76,"column":12},"end":{"line":76,"column":55}},"22":{"start":{"line":77,"column":12},"end":{"line":77,"column":29}},"23":{"start":{"line":78,"column":12},"end":{"line":78,"column":32}},"24":{"start":{"line":80,"column":12},"end":{"line":80,"column":53}},"25":{"start":{"line":81,"column":12},"end":{"line":81,"column":37}},"26":{"start":{"line":85,"column":8},"end":{"line":85,"column":23}},"27":{"start":{"line":88,"column":4},"end":{"line":93,"column":6}},"28":{"start":{"line":90,"column":8},"end":{"line":92,"column":9}},"29":{"start":{"line":91,"column":12},"end":{"line":91,"column":31}}},"fnMap":{"0":{"name":"(anonymous_0)","decl":{"start":{"line":36,"column":18},"end":{"line":36,"column":19}},"loc":{"start":{"line":36,"column":48},"end":{"line":95,"column":1}},"line":36},"1":{"name":"(anonymous_1)","decl":{"start":{"line":44,"column":8},"end":{"line":44,"column":9}},"loc":{"start":{"line":44,"column":28},"end":{"line":54,"column":9}},"line":44},"2":{"name":"(anonymous_2)","decl":{"start":{"line":57,"column":8},"end":{"line":57,"column":9}},"loc":{"start":{"line":57,"column":37},"end":{"line":62,"column":9}},"line":57},"3":{"name":"(anonymous_3)","decl":{"start":{"line":59,"column":38},"end":{"line":59,"column":39}},"loc":{"start":{"line":59,"column":65},"end":{"line":61,"column":13}},"line":59},"4":{"name":"(anonymous_4)","decl":{"start":{"line":65,"column":8},"end":{"line":65,"column":9}},"loc":{"start":{"line":65,"column":42},"end":{"line":70,"column":9}},"line":65},"5":{"name":"(anonymous_5)","decl":{"start":{"line":74,"column":4},"end":{"line":74,"column":5}},"loc":{"start":{"line":74,"column":24},"end":{"line":87,"column":5}},"line":74},"6":{"name":"(anonymous_6)","decl":{"start":{"line":88,"column":20},"end":{"line":88,"column":21}},"loc":{"start":{"line":88,"column":32},"end":{"line":93,"column":5}},"line":88}},"branchMap":{"0":{"loc":{"start":{"line":75,"column":8},"end":{"line":82,"column":9}},"type":"if","locations":[{"start":{"line":75,"column":8},"end":{"line":82,"column":9}},{"start":{"line":79,"column":15},"end":{"line":82,"column":9}}],"line":75},"1":{"loc":{"start":{"line":90,"column":8},"end":{"line":92,"column":9}},"type":"if","locations":[{"start":{"line":90,"column":8},"end":{"line":92,"column":9}},{"start":{},"end":{}}],"line":90},"2":{"loc":{"start":{"line":90,"column":12},"end":{"line":90,"column":40}},"type":"binary-expr","locations":[{"start":{"line":90,"column":12},"end":{"line":90,"column":20}},{"start":{"line":90,"column":24},"end":{"line":90,"column":40}}],"line":90}},"s":{"0":4,"1":4,"2":4,"3":4,"4":4,"5":4,"6":4,"7":4,"8":4,"9":4,"10":4,"11":4,"12":4,"13":2,"14":2,"15":2,"16":2,"17":2,"18":2,"19":2,"20":2,"21":0,"22":0,"23":0,"24":2,"25":2,"26":2,"27":4,"28":4,"29":4},"f":{"0":4,"1":4,"2":2,"3":2,"4":2,"5":2,"6":4},"b":{"0":[0,2],"1":[4,0],"2":[4,4]},"_coverageSchema":"1a1c01bbd47fc00a2c39e90264f33305004495a9","hash":"f673e3b752a883d926d10d7ade5ff43a733770fa"}
}
