TN:
SF:routes\dbms.js
FN:36,(anonymous_0)
FN:44,(anonymous_1)
FN:58,(anonymous_2)
FN:60,(anonymous_3)
FN:66,(anonymous_4)
FN:75,(anonymous_5)
FN:89,(anonymous_6)
FNF:7
FNH:6
FNDA:2,(anonymous_0)
FNDA:2,(anonymous_1)
FNDA:2,(anonymous_2)
FNDA:2,(anonymous_3)
FNDA:2,(anonymous_4)
FNDA:2,(anonymous_5)
FNDA:0,(anonymous_6)
DA:9,2
DA:12,2
DA:13,2
DA:15,2
DA:16,2
DA:17,2
DA:18,2
DA:36,2
DA:39,2
DA:41,2
DA:45,2
DA:46,2
DA:54,2
DA:59,2
DA:60,2
DA:61,2
DA:67,2
DA:68,2
DA:69,2
DA:70,2
DA:76,2
DA:77,0
DA:78,0
DA:79,0
DA:81,2
DA:82,2
DA:86,2
DA:89,2
DA:91,0
DA:92,0
LF:30
LH:25
BRDA:76,0,0,0
BRDA:76,0,1,2
BRDA:91,1,0,0
BRDA:91,1,1,0
BRDA:91,2,0,0
BRDA:91,2,1,0
BRF:6
BRH:1
end_of_record
