TN:
SF:routes\dbms.js
FN:36,(anonymous_0)
FN:44,(anonymous_1)
FN:57,(anonymous_2)
FN:59,(anonymous_3)
FN:65,(anonymous_4)
FN:74,(anonymous_5)
FN:88,(anonymous_6)
FNF:7
FNH:7
FNDA:4,(anonymous_0)
FNDA:4,(anonymous_1)
FNDA:2,(anonymous_2)
FNDA:2,(anonymous_3)
FNDA:2,(anonymous_4)
FNDA:2,(anonymous_5)
FNDA:4,(anonymous_6)
DA:9,4
DA:12,4
DA:13,4
DA:15,4
DA:16,4
DA:17,4
DA:18,4
DA:36,4
DA:39,4
DA:41,4
DA:45,4
DA:46,4
DA:53,4
DA:58,2
DA:59,2
DA:60,2
DA:66,2
DA:67,2
DA:68,2
DA:69,2
DA:75,2
DA:76,0
DA:77,0
DA:78,0
DA:80,2
DA:81,2
DA:85,2
DA:88,4
DA:90,4
DA:91,4
LF:30
LH:27
BRDA:75,0,0,0
BRDA:75,0,1,2
BRDA:90,1,0,4
BRDA:90,1,1,0
BRDA:90,2,0,4
BRDA:90,2,1,4
BRF:6
BRH:4
end_of_record
